<?xml version="1.0" encoding="UTF-8"?>
<!-- Generated by org.testng.reporters.JUnitXMLReporter -->
<testsuite ignored="0" hostname="LAPTOP-G8HUGMUK" failures="0" tests="2" name="EmployeeListPage" time="35.193" errors="0" timestamp="2024-03-05T12:16:09 IST">
  <testcase classname="com.OrangeHRMApplicationIntegrated.OrangeHRM_Employee_List_Page" name="employeeList" time="19.205"/>
  <testcase classname="com.OrangeHRMApplicationIntegrated.OrangeHRM_Employee_List_Page" name="employeeListData" time="4.45"/>
</testsuite> <!-- EmployeeListPage -->
