<?xml version="1.0" encoding="UTF-8"?>
<!-- Generated by org.testng.reporters.JUnitXMLReporter -->
<testsuite ignored="0" hostname="LAPTOP-G8HUGMUK" failures="0" tests="5" name="LogInPage" time="67.65" errors="0" timestamp="2024-03-05T12:16:41 IST">
  <testcase classname="com.OrangeHRMApplicationIntegrated.OrangeHRM_Login_Page" name="excel_TestData" time="1.034"/>
  <testcase classname="com.OrangeHRMApplicationIntegrated.OrangeHRM_Login_Page" name="login_PageValidation" time="54.863"/>
  <testcase classname="com.OrangeHRMApplicationIntegrated.OrangeHRM_Login_Page" name="loginPageText_Validation" time="0.009"/>
  <testcase classname="com.OrangeHRMApplicationIntegrated.OrangeHRM_Login_Page" name="loginPageTitle_Validation" time="0.008"/>
  <testcase classname="com.OrangeHRMApplicationIntegrated.OrangeHRM_Login_Page" name="homePageText_Validation" time="0.055"/>
</testsuite> <!-- LogInPage -->
